2019-11-29 16:08:59 INFO  PluginTasksProjectComponent.projectOpened(77) - ---------- Project opened ----------
2019-11-29 16:08:59 INFO  PluginTasksProjectComponent.projectOpened(78) - ---------- Version 3.35 ----------

2019-11-29 16:08:59 INFO  PluginTasksProjectComponent.setAutoscrolls(366) - Autoscrolls successfully set
2019-11-29 16:09:00 INFO  ApacheHttpClient.isSessionAppropriateWithSecretKey(570) - The session is not set in the property file.
2019-11-29 16:09:00 INFO  ApacheHttpClient.login(236) - Waiting for server response.
2019-11-29 16:09:00 INFO  ApacheHttpClient.login(240) - responseCode = 200
2019-11-29 16:09:00 INFO  ApacheHttpClient.login(263) - JSESSIONID OK
2019-11-29 16:09:00 INFO  ApacheHttpClient.refreshUserInfo(291) - responseCode = 200
2019-11-29 16:09:00 INFO  ApacheHttpClient.refreshUserInfo(297) - User information received.
2019-11-29 16:09:00 INFO  ApacheHttpClient.startGA(35) - GAService started.
2019-11-29 16:09:00 INFO  AbstractRestApiClient.startService(71) - EventsService started.
2019-11-29 16:09:23 INFO  ApacheHttpClient.getWebResourceAsStream(483) - responseCode = 200
2019-11-29 16:09:25 INFO  ApacheHttpClient.getFilteredTasks(322) - responseCode = 200
2019-11-29 16:09:44 INFO  ApacheHttpClient.getFilteredTasks(322) - responseCode = 200
2019-11-29 16:09:49 INFO  ApacheHttpClient.getFilteredTasks(322) - responseCode = 200
2019-11-29 16:10:23 INFO  ApacheHttpClient.getTaskTemplateInfo(339) - responseCode = 200
2019-11-29 16:10:25 INFO  ApacheHttpClient.getWebResourceAsStream(483) - responseCode = 200
2019-11-29 16:11:00 INFO  ApacheHttpClient.sendEvent(516) - responseCode = 200
2019-11-29 16:11:33 INFO  ApacheHttpClient.getWebResourceAsStream(483) - responseCode = 200
2019-11-29 16:11:33 INFO  ApacheHttpClient.completed(28) - responseCode = 400
2019-11-29 16:11:33 INFO  ApacheHttpClient.getWebResourceAsStream(483) - responseCode = 200
2019-11-29 16:11:34 INFO  ApacheHttpClient.getTask(469) - responseCode = 200
2019-11-29 16:11:34 WARN  TaskCompleted.run(70) - You already completed this task: "Добавить одну операцию по преобразованию типа, чтобы получался ответ: d = 5.5"
2019-11-29 16:11:47 INFO  ApacheHttpClient.getWebResourceAsStream(483) - responseCode = 200
2019-11-29 16:11:48 INFO  ApacheHttpClient.getFilteredTasks(322) - responseCode = 200
2019-11-29 16:12:00 INFO  ApacheHttpClient.sendEvent(516) - responseCode = 200
2019-11-29 16:12:05 INFO  ApacheHttpClient.getTaskTemplateInfo(339) - responseCode = 200
2019-11-29 16:12:05 INFO  ApacheHttpClient.getWebResourceAsStream(483) - responseCode = 200
2019-11-29 16:12:23 INFO  ApacheHttpClient.getWebResourceAsStream(483) - responseCode = 200
2019-11-29 16:12:24 INFO  ApacheHttpClient.getFilteredTasks(322) - responseCode = 200
2019-11-29 16:12:30 INFO  ApacheHttpClient.getFilteredTasks(322) - responseCode = 200
2019-11-29 16:12:52 INFO  ApacheHttpClient.getTaskTemplateInfo(339) - responseCode = 200
2019-11-29 16:12:53 INFO  ApacheHttpClient.getWebResourceAsStream(483) - responseCode = 200
2019-11-29 16:13:00 INFO  ApacheHttpClient.sendEvent(516) - responseCode = 200
2019-11-29 16:13:53 INFO  ApacheHttpClient.getWebResourceAsStream(483) - responseCode = 200
2019-11-29 16:13:53 INFO  ApacheHttpClient.getTask(469) - responseCode = 200
2019-11-29 16:13:53 INFO  ApacheHttpClient.completed(28) - responseCode = 400
2019-11-29 16:13:53 WARN  TaskCompleted.run(70) - You already completed this task: "- Амиго, ты хочешь стать программистом?"
2019-11-29 16:13:54 INFO  ApacheHttpClient.getWebResourceAsStream(483) - responseCode = 200
2019-11-29 16:14:00 INFO  ApacheHttpClient.sendEvent(516) - responseCode = 200
2019-11-29 16:15:00 INFO  ApacheHttpClient.sendEvent(516) - responseCode = 200
2019-11-29 16:16:00 INFO  ApacheHttpClient.sendEvent(516) - responseCode = 200
2019-11-29 16:17:00 INFO  ApacheHttpClient.sendEvent(516) - responseCode = 200
2019-11-29 16:18:00 INFO  ApacheHttpClient.sendEvent(516) - responseCode = 200
2019-11-29 16:19:00 INFO  ApacheHttpClient.sendEvent(516) - responseCode = 200
2019-11-29 16:20:00 INFO  ApacheHttpClient.sendEvent(516) - responseCode = 200
2019-11-29 16:21:00 INFO  ApacheHttpClient.sendEvent(516) - responseCode = 200
2019-11-29 16:22:00 INFO  ApacheHttpClient.sendEvent(516) - responseCode = 200
2019-11-29 16:23:00 INFO  ApacheHttpClient.sendEvent(516) - responseCode = 200
2019-11-29 16:24:00 INFO  ApacheHttpClient.sendEvent(516) - responseCode = 200
2019-11-29 16:25:00 INFO  ApacheHttpClient.sendEvent(516) - responseCode = 200
2019-11-29 16:26:00 INFO  ApacheHttpClient.sendEvent(516) - responseCode = 200
2019-11-29 16:27:00 INFO  ApacheHttpClient.sendEvent(516) - responseCode = 200
2019-11-29 16:28:00 INFO  ApacheHttpClient.sendEvent(516) - responseCode = 200
2019-11-29 16:29:00 INFO  ApacheHttpClient.sendEvent(516) - responseCode = 200
2019-11-29 16:30:00 INFO  ApacheHttpClient.sendEvent(516) - responseCode = 200
2019-11-29 16:31:00 INFO  ApacheHttpClient.sendEvent(516) - responseCode = 200
2019-11-29 16:32:00 INFO  ApacheHttpClient.sendEvent(516) - responseCode = 200
2019-11-29 16:33:00 INFO  ApacheHttpClient.sendEvent(516) - responseCode = 200
2019-11-29 16:34:00 INFO  ApacheHttpClient.sendEvent(516) - responseCode = 200
2019-11-29 16:35:00 INFO  ApacheHttpClient.sendEvent(516) - responseCode = 200
2019-11-29 16:36:00 INFO  ApacheHttpClient.sendEvent(516) - responseCode = 200
2019-11-29 16:37:00 INFO  ApacheHttpClient.sendEvent(516) - responseCode = 200
2019-11-29 16:38:00 INFO  ApacheHttpClient.sendEvent(516) - responseCode = 200
2019-11-29 16:39:00 INFO  ApacheHttpClient.sendEvent(516) - responseCode = 200
2019-11-29 16:40:00 INFO  ApacheHttpClient.sendEvent(516) - responseCode = 200
2019-11-29 16:41:00 INFO  ApacheHttpClient.sendEvent(516) - responseCode = 200
2019-11-29 16:42:00 INFO  ApacheHttpClient.sendEvent(516) - responseCode = 200
2019-11-29 16:43:00 INFO  ApacheHttpClient.sendEvent(516) - responseCode = 200
2019-11-29 16:44:01 INFO  ApacheHttpClient.sendEvent(516) - responseCode = 200
2019-11-29 16:45:00 INFO  ApacheHttpClient.sendEvent(516) - responseCode = 200
2019-11-29 16:46:00 INFO  ApacheHttpClient.sendEvent(516) - responseCode = 200
2019-11-29 16:47:01 INFO  ApacheHttpClient.sendEvent(516) - responseCode = 200
2019-11-29 16:48:00 INFO  ApacheHttpClient.sendEvent(516) - responseCode = 200
2019-11-29 16:49:00 INFO  ApacheHttpClient.sendEvent(516) - responseCode = 200
2019-11-29 16:50:00 INFO  ApacheHttpClient.sendEvent(516) - responseCode = 200
2019-11-29 16:51:00 INFO  ApacheHttpClient.sendEvent(516) - responseCode = 200
2019-11-29 16:52:00 INFO  ApacheHttpClient.sendEvent(516) - responseCode = 200
2019-11-29 16:53:00 INFO  ApacheHttpClient.sendEvent(516) - responseCode = 200
2019-11-29 16:54:00 INFO  ApacheHttpClient.sendEvent(516) - responseCode = 200
2019-11-29 16:55:00 INFO  ApacheHttpClient.sendEvent(516) - responseCode = 200
2019-11-29 16:56:00 INFO  ApacheHttpClient.sendEvent(516) - responseCode = 200
2019-11-29 16:57:00 INFO  ApacheHttpClient.sendEvent(516) - responseCode = 200
2019-11-29 16:58:00 INFO  ApacheHttpClient.sendEvent(516) - responseCode = 200
2019-11-29 16:59:00 INFO  ApacheHttpClient.sendEvent(516) - responseCode = 200
2019-11-29 17:00:00 INFO  ApacheHttpClient.sendEvent(516) - responseCode = 200
2019-11-29 17:01:00 INFO  ApacheHttpClient.sendEvent(516) - responseCode = 200
2019-11-29 17:02:00 INFO  ApacheHttpClient.sendEvent(516) - responseCode = 200
2019-11-29 17:03:00 INFO  ApacheHttpClient.sendEvent(516) - responseCode = 200
2019-11-29 17:04:00 INFO  ApacheHttpClient.sendEvent(516) - responseCode = 200
2019-11-29 17:05:00 INFO  ApacheHttpClient.sendEvent(516) - responseCode = 200
2019-11-29 17:06:00 INFO  ApacheHttpClient.sendEvent(516) - responseCode = 200
2019-11-29 17:07:00 INFO  ApacheHttpClient.sendEvent(516) - responseCode = 200
2019-11-29 17:08:00 INFO  ApacheHttpClient.sendEvent(516) - responseCode = 200
2019-11-29 17:09:00 INFO  ApacheHttpClient.sendEvent(516) - responseCode = 200
2019-11-29 17:10:00 INFO  ApacheHttpClient.sendEvent(516) - responseCode = 200
2019-11-29 17:11:00 INFO  ApacheHttpClient.sendEvent(516) - responseCode = 200
2019-11-29 17:11:08 INFO  ApacheHttpClient.getWebResourceAsStream(483) - responseCode = 200
2019-11-29 17:11:09 INFO  ApacheHttpClient.getTask(469) - responseCode = 200
2019-11-29 17:11:09 INFO  ApacheHttpClient.getWebResourceAsStream(483) - responseCode = 200
2019-11-29 17:11:09 INFO  ApacheHttpClient.completed(28) - responseCode = 400
2019-11-29 17:11:09 WARN  TaskCompleted.run(70) - You already completed this task: "- Амиго, ты хочешь стать программистом?"
2019-11-29 17:11:15 INFO  ApacheHttpClient.getWebResourceAsStream(483) - responseCode = 200
2019-11-29 17:11:16 INFO  ApacheHttpClient.getFilteredTasks(322) - responseCode = 200
2019-11-29 17:11:21 INFO  ApacheHttpClient.getFilteredTasks(322) - responseCode = 200
2019-11-29 17:11:34 INFO  ApacheHttpClient.getTaskTemplateInfo(339) - responseCode = 200
2019-11-29 17:11:35 INFO  ApacheHttpClient.getWebResourceAsStream(483) - responseCode = 200
2019-11-29 17:12:00 INFO  ApacheHttpClient.sendEvent(516) - responseCode = 200
2019-11-29 17:13:00 INFO  ApacheHttpClient.sendEvent(516) - responseCode = 200
2019-11-29 17:13:55 INFO  ApacheHttpClient.getWebResourceAsStream(483) - responseCode = 200
2019-11-29 17:13:55 INFO  ApacheHttpClient.getTask(469) - responseCode = 200
2019-11-29 17:13:55 INFO  ApacheHttpClient.getWebResourceAsStream(483) - responseCode = 200
2019-11-29 17:13:57 INFO  ApacheHttpClient.completed(28) - responseCode = 200
2019-11-29 17:14:00 INFO  ApacheHttpClient.sendEvent(516) - responseCode = 200
2019-11-29 17:14:56 INFO  ApacheHttpClient.getWebResourceAsStream(483) - responseCode = 200
2019-11-29 17:14:57 INFO  ApacheHttpClient.getFilteredTasks(322) - responseCode = 200
2019-11-29 17:15:00 INFO  ApacheHttpClient.sendEvent(516) - responseCode = 200
2019-11-29 17:15:08 INFO  ApacheHttpClient.getTaskTemplateInfo(339) - responseCode = 200
2019-11-29 17:15:08 INFO  ApacheHttpClient.getWebResourceAsStream(483) - responseCode = 200
2019-11-29 17:15:21 INFO  ApacheHttpClient.getWebResourceAsStream(483) - responseCode = 200
2019-11-29 17:16:00 INFO  ApacheHttpClient.sendEvent(516) - responseCode = 200
2019-11-29 17:16:00 INFO  ApacheHttpClient.sendEvent(516) - responseCode = 200
2019-11-29 17:16:55 INFO  ApacheHttpClient.getWebResourceAsStream(483) - responseCode = 200
2019-11-29 17:16:55 INFO  ApacheHttpClient.getTask(469) - responseCode = 200
2019-11-29 17:16:55 INFO  ApacheHttpClient.getWebResourceAsStream(483) - responseCode = 200
2019-11-29 17:16:56 INFO  ApacheHttpClient.completed(28) - responseCode = 200
2019-11-29 17:17:00 INFO  ApacheHttpClient.sendEvent(516) - responseCode = 200
2019-11-29 17:17:00 INFO  ApacheHttpClient.sendEvent(516) - responseCode = 200
2019-11-29 17:18:00 INFO  ApacheHttpClient.sendEvent(516) - responseCode = 200
2019-11-29 17:18:00 INFO  ApacheHttpClient.sendEvent(516) - responseCode = 200
2019-11-29 17:18:31 INFO  ApacheHttpClient.getWebResourceAsStream(483) - responseCode = 200
2019-11-29 17:18:31 INFO  ApacheHttpClient.getTask(469) - responseCode = 200
2019-11-29 17:18:32 INFO  ApacheHttpClient.getWebResourceAsStream(483) - responseCode = 200
2019-11-29 17:18:32 INFO  ApacheHttpClient.completed(28) - responseCode = 200
2019-11-29 17:19:00 INFO  ApacheHttpClient.getWebResourceAsStream(483) - responseCode = 200
2019-11-29 17:19:00 INFO  ApacheHttpClient.getWebResourceAsStream(483) - responseCode = 200
2019-11-29 17:19:00 INFO  ApacheHttpClient.getTask(469) - responseCode = 200
2019-11-29 17:19:00 INFO  ApacheHttpClient.sendEvent(516) - responseCode = 200
2019-11-29 17:19:00 INFO  ApacheHttpClient.sendEvent(516) - responseCode = 200
2019-11-29 17:19:01 INFO  ApacheHttpClient.completed(28) - responseCode = 200
2019-11-29 17:19:37 INFO  ApacheHttpClient.getWebResourceAsStream(483) - responseCode = 200
2019-11-29 17:19:37 INFO  ApacheHttpClient.getTask(469) - responseCode = 200
2019-11-29 17:19:37 INFO  ApacheHttpClient.getWebResourceAsStream(483) - responseCode = 200
2019-11-29 17:19:38 INFO  ApacheHttpClient.completed(28) - responseCode = 200
2019-11-29 17:19:50 INFO  ApacheHttpClient.getWebResourceAsStream(483) - responseCode = 200
2019-11-29 17:20:00 INFO  ApacheHttpClient.sendEvent(516) - responseCode = 200
2019-11-29 17:20:00 INFO  ApacheHttpClient.sendEvent(516) - responseCode = 200
2019-11-29 17:20:00 INFO  ApacheHttpClient.sendEvent(516) - responseCode = 200
2019-11-29 17:21:00 INFO  ApacheHttpClient.sendEvent(516) - responseCode = 200
2019-11-29 17:21:00 INFO  ApacheHttpClient.sendEvent(516) - responseCode = 200
2019-11-29 17:21:00 INFO  ApacheHttpClient.sendEvent(516) - responseCode = 200
2019-11-29 17:22:00 INFO  ApacheHttpClient.sendEvent(516) - responseCode = 200
2019-11-29 17:22:00 INFO  ApacheHttpClient.sendEvent(516) - responseCode = 200
2019-11-29 17:22:00 INFO  ApacheHttpClient.sendEvent(516) - responseCode = 200
2019-11-29 17:23:00 INFO  ApacheHttpClient.sendEvent(516) - responseCode = 200
2019-11-29 17:23:00 INFO  ApacheHttpClient.sendEvent(516) - responseCode = 200
2019-11-29 17:23:00 INFO  ApacheHttpClient.sendEvent(516) - responseCode = 200
2019-11-29 17:24:00 INFO  ApacheHttpClient.sendEvent(516) - responseCode = 200
2019-11-29 17:24:00 INFO  ApacheHttpClient.sendEvent(516) - responseCode = 200
2019-11-29 17:24:01 INFO  ApacheHttpClient.sendEvent(516) - responseCode = 200
2019-11-29 17:25:00 INFO  ApacheHttpClient.sendEvent(516) - responseCode = 200
2019-11-29 17:25:00 INFO  ApacheHttpClient.sendEvent(516) - responseCode = 200
2019-11-29 17:25:00 INFO  ApacheHttpClient.sendEvent(516) - responseCode = 200
2019-11-29 17:26:00 INFO  ApacheHttpClient.sendEvent(516) - responseCode = 200
2019-11-29 17:26:00 INFO  ApacheHttpClient.sendEvent(516) - responseCode = 200
2019-11-29 17:26:00 INFO  ApacheHttpClient.sendEvent(516) - responseCode = 200
2019-11-29 17:27:00 INFO  ApacheHttpClient.sendEvent(516) - responseCode = 200
2019-11-29 17:27:00 INFO  ApacheHttpClient.sendEvent(516) - responseCode = 200
2019-11-29 17:27:00 INFO  ApacheHttpClient.sendEvent(516) - responseCode = 200
2019-11-29 17:28:00 INFO  ApacheHttpClient.sendEvent(516) - responseCode = 200
2019-11-29 17:28:00 INFO  ApacheHttpClient.sendEvent(516) - responseCode = 200
2019-11-29 17:28:00 INFO  ApacheHttpClient.sendEvent(516) - responseCode = 200
2019-11-29 17:29:00 INFO  ApacheHttpClient.sendEvent(516) - responseCode = 200
2019-11-29 17:29:00 INFO  ApacheHttpClient.sendEvent(516) - responseCode = 200
2019-11-29 17:29:00 INFO  ApacheHttpClient.sendEvent(516) - responseCode = 200
2019-11-29 17:29:30 INFO  ApacheHttpClient.getWebResourceAsStream(483) - responseCode = 200
2019-11-29 17:29:30 INFO  ApacheHttpClient.getTask(469) - responseCode = 200
2019-11-29 17:29:30 INFO  ApacheHttpClient.getWebResourceAsStream(483) - responseCode = 200
2019-11-29 17:29:31 INFO  ApacheHttpClient.completed(28) - responseCode = 200
2019-11-29 17:29:31 INFO  ApacheHttpClient.getTask(469) - responseCode = 200
2019-11-29 17:29:44 INFO  ApacheHttpClient.getWebResourceAsStream(483) - responseCode = 200
2019-11-29 17:29:44 INFO  ApacheHttpClient.getFilteredTasks(322) - responseCode = 200
2019-11-29 17:30:00 INFO  ApacheHttpClient.sendEvent(516) - responseCode = 200
2019-11-29 17:30:00 INFO  ApacheHttpClient.sendEvent(516) - responseCode = 200
2019-11-29 17:30:00 INFO  ApacheHttpClient.sendEvent(516) - responseCode = 200
2019-11-29 17:30:09 INFO  ApacheHttpClient.getTaskTemplateInfo(339) - responseCode = 200
2019-11-29 17:30:09 INFO  ApacheHttpClient.getWebResourceAsStream(483) - responseCode = 200
2019-11-29 17:31:00 INFO  ApacheHttpClient.sendEvent(516) - responseCode = 200
2019-11-29 17:32:00 INFO  ApacheHttpClient.sendEvent(516) - responseCode = 200
2019-11-29 17:33:00 INFO  ApacheHttpClient.sendEvent(516) - responseCode = 200
2019-11-29 17:34:00 INFO  ApacheHttpClient.sendEvent(516) - responseCode = 200
2019-11-29 17:35:00 INFO  ApacheHttpClient.sendEvent(516) - responseCode = 200
2019-11-29 17:36:00 INFO  ApacheHttpClient.sendEvent(516) - responseCode = 200
2019-11-29 17:37:00 INFO  ApacheHttpClient.sendEvent(516) - responseCode = 200
2019-11-29 17:38:00 INFO  ApacheHttpClient.sendEvent(516) - responseCode = 200
2019-11-29 17:39:00 INFO  ApacheHttpClient.sendEvent(516) - responseCode = 200
2019-11-29 17:40:00 INFO  ApacheHttpClient.sendEvent(516) - responseCode = 200
2019-11-29 17:41:00 INFO  ApacheHttpClient.sendEvent(516) - responseCode = 200
2019-11-29 17:42:00 INFO  ApacheHttpClient.sendEvent(516) - responseCode = 200
2019-11-29 17:43:00 INFO  ApacheHttpClient.sendEvent(516) - responseCode = 200
2019-11-29 17:44:00 INFO  ApacheHttpClient.sendEvent(516) - responseCode = 200
2019-11-29 17:45:00 INFO  ApacheHttpClient.sendEvent(516) - responseCode = 200
2019-11-29 17:46:00 INFO  ApacheHttpClient.sendEvent(516) - responseCode = 200
2019-11-29 17:47:00 INFO  ApacheHttpClient.sendEvent(516) - responseCode = 200
2019-11-29 17:48:00 INFO  ApacheHttpClient.sendEvent(516) - responseCode = 200
2019-11-29 17:48:55 INFO  ApacheHttpClient.getWebResourceAsStream(483) - responseCode = 200
2019-11-29 17:48:55 INFO  ApacheHttpClient.getWebResourceAsStream(483) - responseCode = 200
2019-11-29 17:48:55 INFO  ApacheHttpClient.getTask(469) - responseCode = 200
2019-11-29 17:48:56 INFO  ApacheHttpClient.completed(28) - responseCode = 200
2019-11-29 17:48:56 INFO  ApacheHttpClient.getTask(469) - responseCode = 200
2019-11-29 17:49:00 INFO  ApacheHttpClient.sendEvent(516) - responseCode = 200
2019-11-29 17:50:00 INFO  ApacheHttpClient.sendEvent(516) - responseCode = 200
2019-11-29 17:50:15 INFO  ApacheHttpClient.getWebResourceAsStream(483) - responseCode = 200
2019-11-29 17:50:15 INFO  ApacheHttpClient.getFilteredTasks(322) - responseCode = 200
2019-11-29 17:50:26 INFO  ApacheHttpClient.getFilteredTasks(322) - responseCode = 200
2019-11-29 17:50:54 INFO  ApacheHttpClient.getTaskTemplateInfo(339) - responseCode = 200
2019-11-29 17:50:54 INFO  ApacheHttpClient.getWebResourceAsStream(483) - responseCode = 200
2019-11-29 17:51:00 INFO  ApacheHttpClient.sendEvent(516) - responseCode = 200
2019-11-29 17:52:00 INFO  ApacheHttpClient.sendEvent(516) - responseCode = 200
2019-11-29 17:53:00 INFO  ApacheHttpClient.sendEvent(516) - responseCode = 200
2019-11-29 17:54:00 INFO  ApacheHttpClient.sendEvent(516) - responseCode = 200
2019-11-29 17:55:00 INFO  ApacheHttpClient.sendEvent(516) - responseCode = 200
2019-11-29 17:56:00 INFO  ApacheHttpClient.sendEvent(516) - responseCode = 200
2019-11-29 17:57:00 INFO  ApacheHttpClient.sendEvent(516) - responseCode = 200
2019-11-29 17:58:00 INFO  ApacheHttpClient.sendEvent(516) - responseCode = 200
2019-11-29 17:59:00 INFO  ApacheHttpClient.sendEvent(516) - responseCode = 200
2019-11-29 18:00:00 INFO  ApacheHttpClient.sendEvent(516) - responseCode = 200
2019-11-29 18:01:00 INFO  ApacheHttpClient.sendEvent(516) - responseCode = 200
2019-11-29 18:01:06 INFO  ApacheHttpClient.getWebResourceAsStream(483) - responseCode = 200
2019-11-29 18:01:06 INFO  ApacheHttpClient.getTask(469) - responseCode = 200
2019-11-29 18:01:07 INFO  ApacheHttpClient.getWebResourceAsStream(483) - responseCode = 200
2019-11-29 18:01:08 INFO  ApacheHttpClient.completed(28) - responseCode = 200
2019-11-29 18:01:08 INFO  ApacheHttpClient.getTask(469) - responseCode = 200
2019-11-29 18:01:20 INFO  ApacheHttpClient.getWebResourceAsStream(483) - responseCode = 200
2019-11-29 18:01:20 INFO  ApacheHttpClient.getFilteredTasks(322) - responseCode = 200
2019-11-29 18:01:32 INFO  ApacheHttpClient.getTaskTemplateInfo(339) - responseCode = 200
2019-11-29 18:01:32 INFO  ApacheHttpClient.getWebResourceAsStream(483) - responseCode = 200
2019-11-29 18:02:00 INFO  ApacheHttpClient.sendEvent(516) - responseCode = 200
2019-11-29 18:03:00 INFO  ApacheHttpClient.sendEvent(516) - responseCode = 200
2019-11-29 18:04:00 INFO  ApacheHttpClient.sendEvent(516) - responseCode = 200
2019-11-29 18:05:00 INFO  ApacheHttpClient.sendEvent(516) - responseCode = 200
2019-11-29 18:06:00 INFO  ApacheHttpClient.sendEvent(516) - responseCode = 200
2019-11-29 18:07:00 INFO  ApacheHttpClient.sendEvent(516) - responseCode = 200
2019-11-29 18:08:00 INFO  ApacheHttpClient.sendEvent(516) - responseCode = 200
2019-11-29 18:09:00 INFO  ApacheHttpClient.sendEvent(516) - responseCode = 200
2019-11-29 18:10:00 INFO  ApacheHttpClient.sendEvent(516) - responseCode = 200
2019-11-29 18:11:00 INFO  ApacheHttpClient.sendEvent(516) - responseCode = 200
2019-11-29 18:12:00 INFO  ApacheHttpClient.sendEvent(516) - responseCode = 200
2019-11-29 18:13:00 INFO  ApacheHttpClient.sendEvent(516) - responseCode = 200
2019-11-29 18:14:00 INFO  ApacheHttpClient.sendEvent(516) - responseCode = 200
2019-11-29 18:15:00 INFO  ApacheHttpClient.sendEvent(516) - responseCode = 200
2019-11-29 18:16:00 INFO  ApacheHttpClient.sendEvent(516) - responseCode = 200
2019-11-29 18:17:00 INFO  ApacheHttpClient.sendEvent(516) - responseCode = 200
2019-11-29 18:18:00 INFO  ApacheHttpClient.sendEvent(516) - responseCode = 200
2019-11-29 18:19:00 INFO  ApacheHttpClient.sendEvent(516) - responseCode = 200
2019-11-29 18:20:00 INFO  ApacheHttpClient.sendEvent(516) - responseCode = 200
2019-11-29 18:21:00 INFO  ApacheHttpClient.sendEvent(516) - responseCode = 200
2019-11-29 18:22:00 INFO  ApacheHttpClient.sendEvent(516) - responseCode = 200
2019-11-29 18:23:00 INFO  ApacheHttpClient.sendEvent(516) - responseCode = 200
2019-11-29 18:24:00 INFO  ApacheHttpClient.sendEvent(516) - responseCode = 200
2019-11-29 18:25:01 INFO  ApacheHttpClient.sendEvent(516) - responseCode = 200
2019-11-29 18:26:00 INFO  ApacheHttpClient.sendEvent(516) - responseCode = 200
2019-11-29 18:27:00 INFO  ApacheHttpClient.sendEvent(516) - responseCode = 200
2019-11-29 18:28:00 INFO  ApacheHttpClient.sendEvent(516) - responseCode = 200
2019-11-29 18:29:00 INFO  ApacheHttpClient.sendEvent(516) - responseCode = 200
2019-11-29 18:30:00 INFO  ApacheHttpClient.sendEvent(516) - responseCode = 200
2019-11-29 18:31:00 INFO  ApacheHttpClient.sendEvent(516) - responseCode = 200
2019-11-29 18:32:00 INFO  ApacheHttpClient.sendEvent(516) - responseCode = 200
2019-11-29 18:33:00 INFO  ApacheHttpClient.sendEvent(516) - responseCode = 200
2019-11-29 18:34:00 INFO  ApacheHttpClient.sendEvent(516) - responseCode = 200
2019-11-29 18:35:01 INFO  ApacheHttpClient.sendEvent(516) - responseCode = 200
2019-11-29 18:36:00 INFO  ApacheHttpClient.sendEvent(516) - responseCode = 200
2019-11-29 18:37:00 INFO  ApacheHttpClient.sendEvent(516) - responseCode = 200
2019-11-29 18:38:00 INFO  ApacheHttpClient.sendEvent(516) - responseCode = 200
2019-11-29 18:39:00 INFO  ApacheHttpClient.sendEvent(516) - responseCode = 200
2019-11-29 18:40:00 INFO  ApacheHttpClient.sendEvent(516) - responseCode = 200
2019-11-29 18:41:00 INFO  ApacheHttpClient.sendEvent(516) - responseCode = 200
2019-11-29 18:42:00 INFO  ApacheHttpClient.sendEvent(516) - responseCode = 200
2019-11-29 18:43:00 INFO  ApacheHttpClient.sendEvent(516) - responseCode = 200
2019-11-29 18:44:00 INFO  ApacheHttpClient.sendEvent(516) - responseCode = 200
2019-11-29 18:45:00 INFO  ApacheHttpClient.sendEvent(516) - responseCode = 200
2019-11-29 18:46:00 INFO  ApacheHttpClient.sendEvent(516) - responseCode = 200
2019-11-29 18:47:00 INFO  ApacheHttpClient.sendEvent(516) - responseCode = 200
2019-11-29 18:48:00 INFO  ApacheHttpClient.sendEvent(516) - responseCode = 200
2019-11-29 18:49:00 INFO  ApacheHttpClient.sendEvent(516) - responseCode = 200
2019-11-29 18:50:00 INFO  ApacheHttpClient.sendEvent(516) - responseCode = 200
2019-11-29 18:51:00 INFO  ApacheHttpClient.sendEvent(516) - responseCode = 200
2019-11-29 18:52:00 INFO  ApacheHttpClient.sendEvent(516) - responseCode = 200
2019-11-29 18:53:00 INFO  ApacheHttpClient.sendEvent(516) - responseCode = 200
2019-11-29 18:54:00 INFO  ApacheHttpClient.sendEvent(516) - responseCode = 200
2019-11-29 18:55:00 INFO  ApacheHttpClient.sendEvent(516) - responseCode = 200
2019-11-29 18:56:00 INFO  ApacheHttpClient.sendEvent(516) - responseCode = 200
2019-11-29 18:57:00 INFO  ApacheHttpClient.sendEvent(516) - responseCode = 200
2019-11-29 18:58:00 INFO  ApacheHttpClient.sendEvent(516) - responseCode = 200
2019-11-29 18:59:00 INFO  ApacheHttpClient.sendEvent(516) - responseCode = 200
2019-11-29 19:00:00 INFO  ApacheHttpClient.sendEvent(516) - responseCode = 200
2019-11-29 19:01:00 INFO  ApacheHttpClient.sendEvent(516) - responseCode = 200
2019-11-29 19:02:00 INFO  ApacheHttpClient.sendEvent(516) - responseCode = 200
2019-11-29 19:03:00 INFO  ApacheHttpClient.sendEvent(516) - responseCode = 200
2019-11-29 19:04:00 INFO  ApacheHttpClient.sendEvent(516) - responseCode = 200
2019-11-29 19:04:12 INFO  ApacheHttpClient.getWebResourceAsStream(483) - responseCode = 200
2019-11-29 19:04:12 INFO  ApacheHttpClient.getFilteredTasks(322) - responseCode = 200
2019-11-29 19:04:22 INFO  ApacheHttpClient.getTaskTemplateInfo(339) - responseCode = 200
2019-11-29 19:04:22 INFO  ApacheHttpClient.getWebResourceAsStream(483) - responseCode = 200
2019-11-29 19:05:00 INFO  ApacheHttpClient.sendEvent(516) - responseCode = 200
2019-11-29 19:06:00 INFO  ApacheHttpClient.sendEvent(516) - responseCode = 200
2019-11-29 19:07:00 INFO  ApacheHttpClient.sendEvent(516) - responseCode = 200
2019-11-29 19:08:00 INFO  ApacheHttpClient.sendEvent(516) - responseCode = 200
2019-11-29 19:09:00 INFO  ApacheHttpClient.sendEvent(516) - responseCode = 200
2019-11-29 19:10:00 INFO  ApacheHttpClient.sendEvent(516) - responseCode = 200
2019-11-29 19:11:00 INFO  ApacheHttpClient.sendEvent(516) - responseCode = 200
2019-11-29 19:12:00 INFO  ApacheHttpClient.sendEvent(516) - responseCode = 200
2019-11-29 19:13:01 INFO  ApacheHttpClient.sendEvent(516) - responseCode = 200
2019-11-29 19:14:00 INFO  ApacheHttpClient.sendEvent(516) - responseCode = 200
2019-11-29 19:15:00 INFO  ApacheHttpClient.sendEvent(516) - responseCode = 200
2019-11-29 19:16:00 INFO  ApacheHttpClient.sendEvent(516) - responseCode = 200
2019-11-29 19:17:00 INFO  ApacheHttpClient.sendEvent(516) - responseCode = 200
2019-11-29 19:18:00 INFO  ApacheHttpClient.sendEvent(516) - responseCode = 200
2019-11-29 19:19:00 INFO  ApacheHttpClient.sendEvent(516) - responseCode = 200
2019-11-29 19:20:00 INFO  ApacheHttpClient.sendEvent(516) - responseCode = 200
2019-11-29 19:21:00 INFO  ApacheHttpClient.sendEvent(516) - responseCode = 200
2019-11-29 19:22:00 INFO  ApacheHttpClient.sendEvent(516) - responseCode = 200
2019-11-29 19:23:00 INFO  ApacheHttpClient.sendEvent(516) - responseCode = 200
2019-11-29 19:24:00 INFO  ApacheHttpClient.sendEvent(516) - responseCode = 200
2019-11-29 19:25:00 INFO  ApacheHttpClient.sendEvent(516) - responseCode = 200
2019-11-29 19:26:00 INFO  ApacheHttpClient.sendEvent(516) - responseCode = 200
2019-11-29 19:27:00 INFO  ApacheHttpClient.sendEvent(516) - responseCode = 200
2019-11-29 19:28:00 INFO  ApacheHttpClient.sendEvent(516) - responseCode = 200
2019-11-29 19:29:00 INFO  ApacheHttpClient.sendEvent(516) - responseCode = 200
2019-11-29 19:29:49 INFO  ApacheHttpClient.getWebResourceAsStream(483) - responseCode = 200
2019-11-29 19:29:49 INFO  ApacheHttpClient.getTask(469) - responseCode = 200
2019-11-29 19:29:50 INFO  ApacheHttpClient.getWebResourceAsStream(483) - responseCode = 200
2019-11-29 19:29:51 INFO  ApacheHttpClient.completed(28) - responseCode = 200
2019-11-29 19:29:51 INFO  ApacheHttpClient.getTask(469) - responseCode = 200
2019-11-29 19:30:00 INFO  ApacheHttpClient.sendEvent(516) - responseCode = 200
2019-11-29 19:31:00 INFO  ApacheHttpClient.sendEvent(516) - responseCode = 200
2019-11-29 19:32:00 INFO  ApacheHttpClient.sendEvent(516) - responseCode = 200
2019-11-29 19:32:24 INFO  ApacheHttpClient.getWebResourceAsStream(483) - responseCode = 200
2019-11-29 19:32:24 INFO  ApacheHttpClient.getFilteredTasks(322) - responseCode = 200
2019-11-29 19:32:38 INFO  ApacheHttpClient.getTaskTemplateInfo(339) - responseCode = 200
2019-11-29 19:32:39 INFO  ApacheHttpClient.getWebResourceAsStream(483) - responseCode = 200
2019-11-29 19:33:00 INFO  ApacheHttpClient.sendEvent(516) - responseCode = 200
2019-11-29 19:34:00 INFO  ApacheHttpClient.sendEvent(516) - responseCode = 200
2019-11-29 19:35:00 INFO  ApacheHttpClient.sendEvent(516) - responseCode = 200
2019-11-29 19:36:00 INFO  ApacheHttpClient.sendEvent(516) - responseCode = 200
2019-11-29 19:37:00 INFO  ApacheHttpClient.sendEvent(516) - responseCode = 200
2019-11-29 19:38:00 INFO  ApacheHttpClient.sendEvent(516) - responseCode = 200
2019-11-29 19:39:00 INFO  ApacheHttpClient.sendEvent(516) - responseCode = 200
2019-11-29 19:40:00 INFO  ApacheHttpClient.sendEvent(516) - responseCode = 200
2019-11-29 19:41:00 INFO  ApacheHttpClient.sendEvent(516) - responseCode = 200
2019-11-29 19:42:01 INFO  ApacheHttpClient.sendEvent(516) - responseCode = 200
2019-11-29 19:43:00 INFO  ApacheHttpClient.sendEvent(516) - responseCode = 200
2019-11-29 19:44:00 INFO  ApacheHttpClient.sendEvent(516) - responseCode = 200
2019-11-29 19:45:00 INFO  ApacheHttpClient.sendEvent(516) - responseCode = 200
2019-11-29 19:46:00 INFO  ApacheHttpClient.sendEvent(516) - responseCode = 200
2019-11-29 19:47:00 INFO  ApacheHttpClient.sendEvent(516) - responseCode = 200
2019-11-29 19:48:00 INFO  ApacheHttpClient.sendEvent(516) - responseCode = 200
2019-11-29 19:49:00 INFO  ApacheHttpClient.sendEvent(516) - responseCode = 200
2019-11-29 19:50:00 INFO  ApacheHttpClient.sendEvent(516) - responseCode = 200
2019-11-29 19:51:00 INFO  ApacheHttpClient.sendEvent(516) - responseCode = 200
2019-11-29 19:52:00 INFO  ApacheHttpClient.sendEvent(516) - responseCode = 200
2019-11-29 19:53:00 INFO  ApacheHttpClient.sendEvent(516) - responseCode = 200
2019-11-29 19:54:00 INFO  ApacheHttpClient.sendEvent(516) - responseCode = 200
2019-11-29 19:55:00 INFO  ApacheHttpClient.sendEvent(516) - responseCode = 200
2019-11-29 19:56:00 INFO  ApacheHttpClient.sendEvent(516) - responseCode = 200
2019-11-29 19:57:00 INFO  ApacheHttpClient.sendEvent(516) - responseCode = 200
2019-11-29 19:58:00 INFO  ApacheHttpClient.sendEvent(516) - responseCode = 200
2019-11-29 19:59:00 INFO  ApacheHttpClient.sendEvent(516) - responseCode = 200
2019-11-29 20:00:00 INFO  ApacheHttpClient.sendEvent(516) - responseCode = 200
2019-11-29 20:00:21 INFO  ApacheHttpClient.getWebResourceAsStream(483) - responseCode = 200
2019-11-29 20:00:21 INFO  ApacheHttpClient.getTask(469) - responseCode = 200
2019-11-29 20:00:21 INFO  ApacheHttpClient.getWebResourceAsStream(483) - responseCode = 200
2019-11-29 20:00:23 INFO  ApacheHttpClient.completed(28) - responseCode = 200
2019-11-29 20:01:00 INFO  ApacheHttpClient.sendEvent(516) - responseCode = 200
2019-11-29 20:02:00 INFO  ApacheHttpClient.sendEvent(516) - responseCode = 200
2019-11-29 20:03:00 INFO  ApacheHttpClient.sendEvent(516) - responseCode = 200
2019-11-29 20:04:00 INFO  ApacheHttpClient.sendEvent(516) - responseCode = 200
2019-11-29 20:05:00 INFO  ApacheHttpClient.sendEvent(516) - responseCode = 200
2019-11-29 20:05:18 INFO  ApacheHttpClient.getWebResourceAsStream(483) - responseCode = 200
2019-11-29 20:05:21 INFO  ApacheHttpClient.resetTask(310) - responseCode = 200
2019-11-29 20:05:21 INFO  ApacheHttpClient.getTask(469) - responseCode = 200
2019-11-29 20:05:21 INFO  ApacheHttpClient.getTaskTemplateInfo(339) - responseCode = 200
2019-11-29 20:05:22 INFO  ApacheHttpClient.getWebResourceAsStream(483) - responseCode = 200
2019-11-29 20:06:00 INFO  ApacheHttpClient.sendEvent(516) - responseCode = 200
2019-11-29 20:07:00 INFO  ApacheHttpClient.sendEvent(516) - responseCode = 200
2019-11-29 20:08:00 INFO  ApacheHttpClient.sendEvent(516) - responseCode = 200
2019-11-29 20:08:39 INFO  ApacheHttpClient.getWebResourceAsStream(483) - responseCode = 200
2019-11-29 20:08:39 INFO  ApacheHttpClient.getTask(469) - responseCode = 200
2019-11-29 20:08:39 INFO  ApacheHttpClient.getWebResourceAsStream(483) - responseCode = 200
2019-11-29 20:08:41 INFO  ApacheHttpClient.completed(28) - responseCode = 200
2019-11-29 20:09:00 INFO  ApacheHttpClient.sendEvent(516) - responseCode = 200
2019-11-29 20:09:54 INFO  ApacheHttpClient.getWebResourceAsStream(483) - responseCode = 200
2019-11-29 20:09:55 INFO  ApacheHttpClient.getTask(469) - responseCode = 200
2019-11-29 20:09:55 INFO  ApacheHttpClient.getWebResourceAsStream(483) - responseCode = 200
2019-11-29 20:09:56 INFO  ApacheHttpClient.completed(28) - responseCode = 200
2019-11-29 20:09:56 INFO  ApacheHttpClient.getTask(469) - responseCode = 200
2019-11-29 20:10:00 INFO  ApacheHttpClient.sendEvent(516) - responseCode = 200
